This file contains any messages produced by compilers while
running configure, to aid debugging if configure makes a mistake.

It was created by unimrcp configure 1.5.0, which was
generated by GNU Autoconf 2.69.  Invocation command line was

  $ ./configure 

## --------- ##
## Platform. ##
## --------- ##

hostname = localhost.localdomain
uname -m = x86_64
uname -r = 3.10.0-693.el7.x86_64
uname -s = Linux
uname -v = #1 SMP Tue Aug 22 21:09:27 UTC 2017

/usr/bin/uname -p = x86_64
/bin/uname -X     = unknown

/bin/arch              = x86_64
/usr/bin/arch -k       = unknown
/usr/convex/getsysinfo = unknown
/usr/bin/hostinfo      = unknown
/bin/machine           = unknown
/usr/bin/oslevel       = unknown
/bin/universe          = unknown

PATH: /usr/local/bin
PATH: /usr/bin
PATH: /usr/local/sbin
PATH: /usr/sbin
PATH: /home/wcx/.local/bin
PATH: /home/wcx/bin


## ----------- ##
## Core tests. ##
## ----------- ##

configure:4051: checking for chosen layout
configure:4053: result: classic
configure:4261: checking for a BSD-compatible install
configure:4329: result: /usr/bin/install -c
configure:4340: checking whether build environment is sane
configure:4395: result: yes
configure:4546: checking for a thread-safe mkdir -p
configure:4585: result: /usr/bin/mkdir -p
configure:4592: checking for gawk
configure:4608: found /usr/bin/gawk
configure:4619: result: gawk
configure:4630: checking whether make sets $(MAKE)
configure:4652: result: yes
configure:4681: checking whether make supports nested variables
configure:4698: result: yes
configure:4785: checking whether make supports nested variables
configure:4802: result: yes
configure:4869: checking for gcc
configure:4885: found /usr/bin/gcc
configure:4896: result: gcc
configure:5125: checking for C compiler version
configure:5134: gcc --version >&5
gcc (GCC) 4.8.5 20150623 (Red Hat 4.8.5-16)
Copyright (C) 2015 Free Software Foundation, Inc.
This is free software; see the source for copying conditions.  There is NO
warranty; not even for MERCHANTABILITY or FITNESS FOR A PARTICULAR PURPOSE.

configure:5145: $? = 0
configure:5134: gcc -v >&5
Using built-in specs.
COLLECT_GCC=gcc
COLLECT_LTO_WRAPPER=/usr/libexec/gcc/x86_64-redhat-linux/4.8.5/lto-wrapper
Target: x86_64-redhat-linux
Configured with: ../configure --prefix=/usr --mandir=/usr/share/man --infodir=/usr/share/info --with-bugurl=http://bugzilla.redhat.com/bugzilla --enable-bootstrap --enable-shared --enable-threads=posix --enable-checking=release --with-system-zlib --enable-__cxa_atexit --disable-libunwind-exceptions --enable-gnu-unique-object --enable-linker-build-id --with-linker-hash-style=gnu --enable-languages=c,c++,objc,obj-c++,java,fortran,ada,go,lto --enable-plugin --enable-initfini-array --disable-libgcj --with-isl=/builddir/build/BUILD/gcc-4.8.5-20150702/obj-x86_64-redhat-linux/isl-install --with-cloog=/builddir/build/BUILD/gcc-4.8.5-20150702/obj-x86_64-redhat-linux/cloog-install --enable-gnu-indirect-function --with-tune=generic --with-arch_32=x86-64 --build=x86_64-redhat-linux
Thread model: posix
gcc version 4.8.5 20150623 (Red Hat 4.8.5-16) (GCC) 
configure:5145: $? = 0
configure:5134: gcc -V >&5
gcc: error: unrecognized command line option '-V'
gcc: fatal error: no input files
compilation terminated.
configure:5145: $? = 4
configure:5134: gcc -qversion >&5
gcc: error: unrecognized command line option '-qversion'
gcc: fatal error: no input files
compilation terminated.
configure:5145: $? = 4
configure:5165: checking whether the C compiler works
configure:5187: gcc    conftest.c  >&5
configure:5191: $? = 0
configure:5239: result: yes
configure:5242: checking for C compiler default output file name
configure:5244: result: a.out
configure:5250: checking for suffix of executables
configure:5257: gcc -o conftest    conftest.c  >&5
configure:5261: $? = 0
configure:5283: result: 
configure:5305: checking whether we are cross compiling
configure:5313: gcc -o conftest    conftest.c  >&5
configure:5317: $? = 0
configure:5324: ./conftest
configure:5328: $? = 0
configure:5343: result: no
configure:5348: checking for suffix of object files
configure:5370: gcc -c   conftest.c >&5
configure:5374: $? = 0
configure:5395: result: o
configure:5399: checking whether we are using the GNU C compiler
configure:5418: gcc -c   conftest.c >&5
configure:5418: $? = 0
configure:5427: result: yes
configure:5436: checking whether gcc accepts -g
configure:5456: gcc -c -g  conftest.c >&5
configure:5456: $? = 0
configure:5497: result: yes
configure:5514: checking for gcc option to accept ISO C89
configure:5577: gcc  -c -g -O2  conftest.c >&5
configure:5577: $? = 0
configure:5590: result: none needed
configure:5621: checking for style of include used by make
configure:5649: result: GNU
configure:5675: checking dependency style of gcc
configure:5786: result: gcc3
configure:5859: checking for g++
configure:5875: found /usr/bin/g++
configure:5886: result: g++
configure:5913: checking for C++ compiler version
configure:5922: g++ --version >&5
g++ (GCC) 4.8.5 20150623 (Red Hat 4.8.5-16)
Copyright (C) 2015 Free Software Foundation, Inc.
This is free software; see the source for copying conditions.  There is NO
warranty; not even for MERCHANTABILITY or FITNESS FOR A PARTICULAR PURPOSE.

configure:5933: $? = 0
configure:5922: g++ -v >&5
Using built-in specs.
COLLECT_GCC=g++
COLLECT_LTO_WRAPPER=/usr/libexec/gcc/x86_64-redhat-linux/4.8.5/lto-wrapper
Target: x86_64-redhat-linux
Configured with: ../configure --prefix=/usr --mandir=/usr/share/man --infodir=/usr/share/info --with-bugurl=http://bugzilla.redhat.com/bugzilla --enable-bootstrap --enable-shared --enable-threads=posix --enable-checking=release --with-system-zlib --enable-__cxa_atexit --disable-libunwind-exceptions --enable-gnu-unique-object --enable-linker-build-id --with-linker-hash-style=gnu --enable-languages=c,c++,objc,obj-c++,java,fortran,ada,go,lto --enable-plugin --enable-initfini-array --disable-libgcj --with-isl=/builddir/build/BUILD/gcc-4.8.5-20150702/obj-x86_64-redhat-linux/isl-install --with-cloog=/builddir/build/BUILD/gcc-4.8.5-20150702/obj-x86_64-redhat-linux/cloog-install --enable-gnu-indirect-function --with-tune=generic --with-arch_32=x86-64 --build=x86_64-redhat-linux
Thread model: posix
gcc version 4.8.5 20150623 (Red Hat 4.8.5-16) (GCC) 
configure:5933: $? = 0
configure:5922: g++ -V >&5
g++: error: unrecognized command line option '-V'
g++: fatal error: no input files
compilation terminated.
configure:5933: $? = 4
configure:5922: g++ -qversion >&5
g++: error: unrecognized command line option '-qversion'
g++: fatal error: no input files
compilation terminated.
configure:5933: $? = 4
configure:5937: checking whether we are using the GNU C++ compiler
configure:5956: g++ -c   conftest.cpp >&5
configure:5956: $? = 0
configure:5965: result: yes
configure:5974: checking whether g++ accepts -g
configure:5994: g++ -c -g  conftest.cpp >&5
configure:5994: $? = 0
configure:6035: result: yes
configure:6060: checking dependency style of g++
configure:6171: result: gcc3
configure:6187: checking whether gcc and cc understand -c and -o together
configure:6218: gcc -c conftest.c -o conftest2.o >&5
configure:6222: $? = 0
configure:6228: gcc -c conftest.c -o conftest2.o >&5
configure:6232: $? = 0
configure:6243: cc -c conftest.c >&5
configure:6247: $? = 0
configure:6255: cc -c conftest.c -o conftest2.o >&5
configure:6259: $? = 0
configure:6265: cc -c conftest.c -o conftest2.o >&5
configure:6269: $? = 0
configure:6287: result: yes
configure:6345: checking build system type
configure:6359: result: x86_64-unknown-linux-gnu
configure:6379: checking host system type
configure:6392: result: x86_64-unknown-linux-gnu
configure:6433: checking how to print strings
configure:6460: result: printf
configure:6481: checking for a sed that does not truncate output
configure:6545: result: /usr/bin/sed
configure:6563: checking for grep that handles long lines and -e
configure:6621: result: /usr/bin/grep
configure:6626: checking for egrep
configure:6688: result: /usr/bin/grep -E
configure:6693: checking for fgrep
configure:6755: result: /usr/bin/grep -F
configure:6790: checking for ld used by gcc
configure:6857: result: /usr/bin/ld
configure:6864: checking if the linker (/usr/bin/ld) is GNU ld
configure:6879: result: yes
configure:6891: checking for BSD- or MS-compatible name lister (nm)
configure:6940: result: /usr/bin/nm -B
configure:7070: checking the name lister (/usr/bin/nm -B) interface
configure:7077: gcc -c -g -O2  conftest.c >&5
configure:7080: /usr/bin/nm -B "conftest.o"
configure:7083: output
0000000000000000 B some_variable
configure:7090: result: BSD nm
configure:7093: checking whether ln -s works
configure:7097: result: yes
configure:7105: checking the maximum length of command line arguments
configure:7235: result: 1572864
configure:7252: checking whether the shell understands some XSI constructs
configure:7262: result: yes
configure:7266: checking whether the shell understands "+="
configure:7272: result: yes
configure:7307: checking how to convert x86_64-unknown-linux-gnu file names to x86_64-unknown-linux-gnu format
configure:7347: result: func_convert_file_noop
configure:7354: checking how to convert x86_64-unknown-linux-gnu file names to toolchain format
configure:7374: result: func_convert_file_noop
configure:7381: checking for /usr/bin/ld option to reload object files
configure:7388: result: -r
configure:7462: checking for objdump
configure:7478: found /usr/bin/objdump
configure:7489: result: objdump
configure:7521: checking how to recognize dependent libraries
configure:7723: result: pass_all
configure:7808: checking for dlltool
configure:7838: result: no
configure:7868: checking how to associate runtime and link libraries
configure:7895: result: printf %s\n
configure:7956: checking for ar
configure:7972: found /usr/bin/ar
configure:7983: result: ar
configure:8020: checking for archiver @FILE support
configure:8037: gcc -c -g -O2  conftest.c >&5
configure:8037: $? = 0
configure:8040: ar cru libconftest.a @conftest.lst >&5
configure:8043: $? = 0
configure:8048: ar cru libconftest.a @conftest.lst >&5
ar: conftest.o: No such file or directory
configure:8051: $? = 1
configure:8063: result: @
configure:8121: checking for strip
configure:8137: found /usr/bin/strip
configure:8148: result: strip
configure:8220: checking for ranlib
configure:8236: found /usr/bin/ranlib
configure:8247: result: ranlib
configure:8349: checking command to parse /usr/bin/nm -B output from gcc object
configure:8469: gcc -c -g -O2  conftest.c >&5
configure:8472: $? = 0
configure:8476: /usr/bin/nm -B conftest.o \| sed -n -e 's/^.*[ ]\([ABCDGIRSTW][ABCDGIRSTW]*\)[ ][ ]*\([_A-Za-z][_A-Za-z0-9]*\)$/\1 \2 \2/p' | sed '/ __gnu_lto/d' \> conftest.nm
configure:8479: $? = 0
configure:8545: gcc -o conftest -g -O2   conftest.c conftstm.o >&5
configure:8548: $? = 0
configure:8586: result: ok
configure:8623: checking for sysroot
configure:8653: result: no
configure:8730: gcc -c -g -O2  conftest.c >&5
configure:8733: $? = 0
configure:8909: checking for mt
configure:8939: result: no
configure:8959: checking if : is a manifest tool
configure:8965: : '-?'
configure:8973: result: no
configure:9615: checking how to run the C preprocessor
configure:9646: gcc -E  conftest.c
configure:9646: $? = 0
configure:9660: gcc -E  conftest.c
conftest.c:9:28: fatal error: ac_nonexistent.h: No such file or directory
 #include <ac_nonexistent.h>
                            ^
compilation terminated.
configure:9660: $? = 1
configure: failed program was:
| /* confdefs.h */
| #define PACKAGE_NAME "unimrcp"
| #define PACKAGE_TARNAME "unimrcp"
| #define PACKAGE_VERSION "1.5.0"
| #define PACKAGE_STRING "unimrcp 1.5.0"
| #define PACKAGE_BUGREPORT ""
| #define PACKAGE_URL ""
| /* end confdefs.h.  */
| #include <ac_nonexistent.h>
configure:9685: result: gcc -E
configure:9705: gcc -E  conftest.c
configure:9705: $? = 0
configure:9719: gcc -E  conftest.c
conftest.c:9:28: fatal error: ac_nonexistent.h: No such file or directory
 #include <ac_nonexistent.h>
                            ^
compilation terminated.
configure:9719: $? = 1
configure: failed program was:
| /* confdefs.h */
| #define PACKAGE_NAME "unimrcp"
| #define PACKAGE_TARNAME "unimrcp"
| #define PACKAGE_VERSION "1.5.0"
| #define PACKAGE_STRING "unimrcp 1.5.0"
| #define PACKAGE_BUGREPORT ""
| #define PACKAGE_URL ""
| /* end confdefs.h.  */
| #include <ac_nonexistent.h>
configure:9748: checking for ANSI C header files
configure:9768: gcc -c -g -O2  conftest.c >&5
configure:9768: $? = 0
configure:9841: gcc -o conftest -g -O2   conftest.c  >&5
configure:9841: $? = 0
configure:9841: ./conftest
configure:9841: $? = 0
configure:9852: result: yes
configure:9865: checking for sys/types.h
configure:9865: gcc -c -g -O2  conftest.c >&5
configure:9865: $? = 0
configure:9865: result: yes
configure:9865: checking for sys/stat.h
configure:9865: gcc -c -g -O2  conftest.c >&5
configure:9865: $? = 0
configure:9865: result: yes
configure:9865: checking for stdlib.h
configure:9865: gcc -c -g -O2  conftest.c >&5
configure:9865: $? = 0
configure:9865: result: yes
configure:9865: checking for string.h
configure:9865: gcc -c -g -O2  conftest.c >&5
configure:9865: $? = 0
configure:9865: result: yes
configure:9865: checking for memory.h
configure:9865: gcc -c -g -O2  conftest.c >&5
configure:9865: $? = 0
configure:9865: result: yes
configure:9865: checking for strings.h
configure:9865: gcc -c -g -O2  conftest.c >&5
configure:9865: $? = 0
configure:9865: result: yes
configure:9865: checking for inttypes.h
configure:9865: gcc -c -g -O2  conftest.c >&5
configure:9865: $? = 0
configure:9865: result: yes
configure:9865: checking for stdint.h
configure:9865: gcc -c -g -O2  conftest.c >&5
configure:9865: $? = 0
configure:9865: result: yes
configure:9865: checking for unistd.h
configure:9865: gcc -c -g -O2  conftest.c >&5
configure:9865: $? = 0
configure:9865: result: yes
configure:9879: checking for dlfcn.h
configure:9879: gcc -c -g -O2  conftest.c >&5
configure:9879: $? = 0
configure:9879: result: yes
configure:10096: checking for objdir
configure:10111: result: .libs
configure:10382: checking if gcc supports -fno-rtti -fno-exceptions
configure:10400: gcc -c -g -O2  -fno-rtti -fno-exceptions conftest.c >&5
cc1: warning: command line option '-fno-rtti' is valid for C++/ObjC++ but not for C [enabled by default]
configure:10404: $? = 0
configure:10417: result: no
configure:10744: checking for gcc option to produce PIC
configure:10751: result: -fPIC -DPIC
configure:10759: checking if gcc PIC flag -fPIC -DPIC works
configure:10777: gcc -c -g -O2  -fPIC -DPIC -DPIC conftest.c >&5
configure:10781: $? = 0
configure:10794: result: yes
configure:10823: checking if gcc static flag -static works
configure:10851: result: no
configure:10866: checking if gcc supports -c -o file.o
configure:10887: gcc -c -g -O2  -o out/conftest2.o conftest.c >&5
configure:10891: $? = 0
configure:10913: result: yes
configure:10921: checking if gcc supports -c -o file.o
configure:10968: result: yes
configure:11001: checking whether the gcc linker (/usr/bin/ld -m elf_x86_64) supports shared libraries
configure:12154: result: yes
configure:12191: checking whether -lc should be explicitly linked in
configure:12199: gcc -c -g -O2  conftest.c >&5
configure:12202: $? = 0
configure:12217: gcc -shared  -fPIC -DPIC conftest.o  -v -Wl,-soname -Wl,conftest -o conftest 2\>\&1 \| /usr/bin/grep  -lc  \>/dev/null 2\>\&1
configure:12220: $? = 0
configure:12234: result: no
configure:12394: checking dynamic linker characteristics
configure:12905: gcc -o conftest -g -O2   -Wl,-rpath -Wl,/foo conftest.c  >&5
configure:12905: $? = 0
configure:13131: result: GNU/Linux ld.so
configure:13238: checking how to hardcode library paths into programs
configure:13263: result: immediate
configure:13803: checking whether stripping libraries is possible
configure:13808: result: yes
configure:13843: checking if libtool supports shared libraries
configure:13845: result: yes
configure:13848: checking whether to build shared libraries
configure:13869: result: yes
configure:13872: checking whether to build static libraries
configure:13876: result: yes
configure:13899: checking how to run the C++ preprocessor
configure:13926: g++ -E  conftest.cpp
configure:13926: $? = 0
configure:13940: g++ -E  conftest.cpp
conftest.cpp:21:28: fatal error: ac_nonexistent.h: No such file or directory
 #include <ac_nonexistent.h>
                            ^
compilation terminated.
configure:13940: $? = 1
configure: failed program was:
| /* confdefs.h */
| #define PACKAGE_NAME "unimrcp"
| #define PACKAGE_TARNAME "unimrcp"
| #define PACKAGE_VERSION "1.5.0"
| #define PACKAGE_STRING "unimrcp 1.5.0"
| #define PACKAGE_BUGREPORT ""
| #define PACKAGE_URL ""
| #define STDC_HEADERS 1
| #define HAVE_SYS_TYPES_H 1
| #define HAVE_SYS_STAT_H 1
| #define HAVE_STDLIB_H 1
| #define HAVE_STRING_H 1
| #define HAVE_MEMORY_H 1
| #define HAVE_STRINGS_H 1
| #define HAVE_INTTYPES_H 1
| #define HAVE_STDINT_H 1
| #define HAVE_UNISTD_H 1
| #define HAVE_DLFCN_H 1
| #define LT_OBJDIR ".libs/"
| /* end confdefs.h.  */
| #include <ac_nonexistent.h>
configure:13965: result: g++ -E
configure:13985: g++ -E  conftest.cpp
configure:13985: $? = 0
configure:13999: g++ -E  conftest.cpp
conftest.cpp:21:28: fatal error: ac_nonexistent.h: No such file or directory
 #include <ac_nonexistent.h>
                            ^
compilation terminated.
configure:13999: $? = 1
configure: failed program was:
| /* confdefs.h */
| #define PACKAGE_NAME "unimrcp"
| #define PACKAGE_TARNAME "unimrcp"
| #define PACKAGE_VERSION "1.5.0"
| #define PACKAGE_STRING "unimrcp 1.5.0"
| #define PACKAGE_BUGREPORT ""
| #define PACKAGE_URL ""
| #define STDC_HEADERS 1
| #define HAVE_SYS_TYPES_H 1
| #define HAVE_SYS_STAT_H 1
| #define HAVE_STDLIB_H 1
| #define HAVE_STRING_H 1
| #define HAVE_MEMORY_H 1
| #define HAVE_STRINGS_H 1
| #define HAVE_INTTYPES_H 1
| #define HAVE_STDINT_H 1
| #define HAVE_UNISTD_H 1
| #define HAVE_DLFCN_H 1
| #define LT_OBJDIR ".libs/"
| /* end confdefs.h.  */
| #include <ac_nonexistent.h>
configure:14168: checking for ld used by g++
configure:14235: result: /usr/bin/ld -m elf_x86_64
configure:14242: checking if the linker (/usr/bin/ld -m elf_x86_64) is GNU ld
configure:14257: result: yes
configure:14312: checking whether the g++ linker (/usr/bin/ld -m elf_x86_64) supports shared libraries
configure:15317: result: yes
configure:15353: g++ -c -g -O2  conftest.cpp >&5
configure:15356: $? = 0
configure:15876: checking for g++ option to produce PIC
configure:15883: result: -fPIC -DPIC
configure:15891: checking if g++ PIC flag -fPIC -DPIC works
configure:15909: g++ -c -g -O2  -fPIC -DPIC -DPIC conftest.cpp >&5
configure:15913: $? = 0
configure:15926: result: yes
configure:15949: checking if g++ static flag -static works
configure:15977: result: no
configure:15989: checking if g++ supports -c -o file.o
configure:16010: g++ -c -g -O2  -o out/conftest2.o conftest.cpp >&5
configure:16014: $? = 0
configure:16036: result: yes
configure:16041: checking if g++ supports -c -o file.o
configure:16088: result: yes
configure:16118: checking whether the g++ linker (/usr/bin/ld -m elf_x86_64) supports shared libraries
configure:16154: result: yes
configure:16295: checking dynamic linker characteristics
configure:16966: result: GNU/Linux ld.so
configure:17019: checking how to hardcode library paths into programs
configure:17044: result: immediate
configure:17109: checking for C compiler vendor
configure:17153: gcc -c -g -O2  conftest.c >&5
conftest.c: In function 'main':
conftest.c:8:9: error: 'thisisanerror' undeclared (first use in this function)
         thisisanerror;
         ^
conftest.c:8:9: note: each undeclared identifier is reported only once for each function it appears in
configure:17153: $? = 1
configure: failed program was:
| /* end confdefs.h.  */
| 
| int
| main ()
| {
| 
|       #if !(defined(__ICC) || defined(__ECC) || defined(__INTEL_COMPILER))
|         thisisanerror;
|       #endif
| 
|   ;
|   return 0;
| }
configure:17153: gcc -c -g -O2  conftest.c >&5
conftest.c: In function 'main':
conftest.c:8:9: error: 'thisisanerror' undeclared (first use in this function)
         thisisanerror;
         ^
conftest.c:8:9: note: each undeclared identifier is reported only once for each function it appears in
configure:17153: $? = 1
configure: failed program was:
| /* end confdefs.h.  */
| 
| int
| main ()
| {
| 
|       #if !(defined(__xlc__) || defined(__xlC__) || defined(__IBMC__) || defined(__IBMCPP__))
|         thisisanerror;
|       #endif
| 
|   ;
|   return 0;
| }
configure:17153: gcc -c -g -O2  conftest.c >&5
conftest.c: In function 'main':
conftest.c:8:9: error: 'thisisanerror' undeclared (first use in this function)
         thisisanerror;
         ^
conftest.c:8:9: note: each undeclared identifier is reported only once for each function it appears in
configure:17153: $? = 1
configure: failed program was:
| /* end confdefs.h.  */
| 
| int
| main ()
| {
| 
|       #if !(defined(__PATHCC__) || defined(__PATHSCALE__))
|         thisisanerror;
|       #endif
| 
|   ;
|   return 0;
| }
configure:17153: gcc -c -g -O2  conftest.c >&5
conftest.c: In function 'main':
conftest.c:8:9: error: 'thisisanerror' undeclared (first use in this function)
         thisisanerror;
         ^
conftest.c:8:9: note: each undeclared identifier is reported only once for each function it appears in
configure:17153: $? = 1
configure: failed program was:
| /* end confdefs.h.  */
| 
| int
| main ()
| {
| 
|       #if !(defined(__clang__))
|         thisisanerror;
|       #endif
| 
|   ;
|   return 0;
| }
configure:17153: gcc -c -g -O2  conftest.c >&5
configure:17153: $? = 0
configure:17161: result: gnu
configure:17167: checking for pkg-config
configure:17185: found /usr/bin/pkg-config
configure:17198: result: /usr/bin/pkg-config
configure:17224: Apache Portable Runtime (APR) library configuration
configure:17252: checking for APR
configure:17328: result: yes
configure:17349: result: 1.5.2
configure:17459: Apache Portable Runtime Utility (APU) library configuration
configure:17487: checking for APR-util
configure:17563: result: yes
configure:17584: result: 1.5.4
configure:17656: Sofia SIP library configuration
configure:17659: checking for Sofia-SIP
configure:17715: result: yes
configure:17717: result: 1.12.11-234-gd74df2e
configure:17739: enable inter-library dependencies: yes
configure:17757: enable maintainer mode: no
configure:18186: checking that generated files are newer than configure
configure:18192: result: done
configure:18275: creating ./config.status

## ---------------------- ##
## Running config.status. ##
## ---------------------- ##

This file was extended by unimrcp config.status 1.5.0, which was
generated by GNU Autoconf 2.69.  Invocation command line was

  CONFIG_FILES    = 
  CONFIG_HEADERS  = 
  CONFIG_LINKS    = 
  CONFIG_COMMANDS = 
  $ ./config.status 

on localhost.localdomain

config.status:1145: creating Makefile
config.status:1145: creating libs/Makefile
config.status:1145: creating libs/apr-toolkit/Makefile
config.status:1145: creating libs/mpf/Makefile
config.status:1145: creating libs/mrcp/Makefile
config.status:1145: creating libs/mrcp-signaling/Makefile
config.status:1145: creating libs/mrcpv2-transport/Makefile
config.status:1145: creating libs/mrcp-engine/Makefile
config.status:1145: creating libs/mrcp-server/Makefile
config.status:1145: creating libs/mrcp-client/Makefile
config.status:1145: creating libs/uni-rtsp/Makefile
config.status:1145: creating modules/Makefile
config.status:1145: creating modules/mrcp-sofiasip/Makefile
config.status:1145: creating modules/mrcp-unirtsp/Makefile
config.status:1145: creating plugins/Makefile
config.status:1145: creating plugins/mrcp-recorder/Makefile
config.status:1145: creating plugins/demo-synth/Makefile
config.status:1145: creating plugins/demo-recog/Makefile
config.status:1145: creating plugins/demo-verifier/Makefile
config.status:1145: creating plugins/xz-recog/Makefile
config.status:1145: creating platforms/Makefile
config.status:1145: creating platforms/libunimrcp-server/Makefile
config.status:1145: creating platforms/libunimrcp-client/Makefile
config.status:1145: creating platforms/unimrcp-server/Makefile
config.status:1145: creating platforms/unimrcp-client/Makefile
config.status:1145: creating platforms/libasr-client/Makefile
config.status:1145: creating platforms/asr-client/Makefile
config.status:1145: creating platforms/umc/Makefile
config.status:1145: creating tests/Makefile
config.status:1145: creating tests/apttest/Makefile
config.status:1145: creating tests/mpftest/Makefile
config.status:1145: creating tests/mrcptest/Makefile
config.status:1145: creating tests/rtsptest/Makefile
config.status:1145: creating tests/strtablegen/Makefile
config.status:1145: creating build/Makefile
config.status:1145: creating build/pkgconfig/Makefile
config.status:1145: creating build/pkgconfig/unimrcpclient.pc
config.status:1145: creating build/pkgconfig/unimrcpserver.pc
config.status:1145: creating build/pkgconfig/unimrcpplugin.pc
config.status:1145: creating conf/Makefile
config.status:1145: creating data/Makefile
config.status:1145: creating docs/doxygen.conf
config.status:1317: executing depfiles commands
config.status:1317: executing libtool commands

## ---------------- ##
## Cache variables. ##
## ---------------- ##

ac_cv_build=x86_64-unknown-linux-gnu
ac_cv_c_compiler_gnu=yes
ac_cv_cxx_compiler_gnu=yes
ac_cv_env_CCC_set=
ac_cv_env_CCC_value=
ac_cv_env_CC_set=
ac_cv_env_CC_value=
ac_cv_env_CFLAGS_set=
ac_cv_env_CFLAGS_value=
ac_cv_env_CPPFLAGS_set=
ac_cv_env_CPPFLAGS_value=
ac_cv_env_CPP_set=
ac_cv_env_CPP_value=
ac_cv_env_CXXCPP_set=
ac_cv_env_CXXCPP_value=
ac_cv_env_CXXFLAGS_set=
ac_cv_env_CXXFLAGS_value=
ac_cv_env_CXX_set=
ac_cv_env_CXX_value=
ac_cv_env_LDFLAGS_set=
ac_cv_env_LDFLAGS_value=
ac_cv_env_LIBS_set=
ac_cv_env_LIBS_value=
ac_cv_env_build_alias_set=
ac_cv_env_build_alias_value=
ac_cv_env_host_alias_set=
ac_cv_env_host_alias_value=
ac_cv_env_target_alias_set=
ac_cv_env_target_alias_value=
ac_cv_header_dlfcn_h=yes
ac_cv_header_inttypes_h=yes
ac_cv_header_memory_h=yes
ac_cv_header_stdc=yes
ac_cv_header_stdint_h=yes
ac_cv_header_stdlib_h=yes
ac_cv_header_string_h=yes
ac_cv_header_strings_h=yes
ac_cv_header_sys_stat_h=yes
ac_cv_header_sys_types_h=yes
ac_cv_header_unistd_h=yes
ac_cv_host=x86_64-unknown-linux-gnu
ac_cv_objext=o
ac_cv_path_EGREP='/usr/bin/grep -E'
ac_cv_path_FGREP='/usr/bin/grep -F'
ac_cv_path_GREP=/usr/bin/grep
ac_cv_path_PKG_CONFIG=/usr/bin/pkg-config
ac_cv_path_SED=/usr/bin/sed
ac_cv_path_install='/usr/bin/install -c'
ac_cv_path_mkdir=/usr/bin/mkdir
ac_cv_prog_AWK=gawk
ac_cv_prog_CPP='gcc -E'
ac_cv_prog_CXXCPP='g++ -E'
ac_cv_prog_ac_ct_AR=ar
ac_cv_prog_ac_ct_CC=gcc
ac_cv_prog_ac_ct_CXX=g++
ac_cv_prog_ac_ct_OBJDUMP=objdump
ac_cv_prog_ac_ct_RANLIB=ranlib
ac_cv_prog_ac_ct_STRIP=strip
ac_cv_prog_cc_c89=
ac_cv_prog_cc_g=yes
ac_cv_prog_cc_gcc_c_o=yes
ac_cv_prog_cxx_g=yes
ac_cv_prog_make_make_set=yes
am_cv_CC_dependencies_compiler_type=gcc3
am_cv_CXX_dependencies_compiler_type=gcc3
am_cv_make_support_nested_variables=yes
ax_cv_c_compiler_vendor=gnu
lt_cv_ar_at_file=@
lt_cv_archive_cmds_need_lc=no
lt_cv_deplibs_check_method=pass_all
lt_cv_file_magic_cmd='$MAGIC_CMD'
lt_cv_file_magic_test_file=
lt_cv_ld_reload_flag=-r
lt_cv_nm_interface='BSD nm'
lt_cv_objdir=.libs
lt_cv_path_LD=/usr/bin/ld
lt_cv_path_LDCXX='/usr/bin/ld -m elf_x86_64'
lt_cv_path_NM='/usr/bin/nm -B'
lt_cv_path_mainfest_tool=no
lt_cv_prog_compiler_c_o=yes
lt_cv_prog_compiler_c_o_CXX=yes
lt_cv_prog_compiler_pic='-fPIC -DPIC'
lt_cv_prog_compiler_pic_CXX='-fPIC -DPIC'
lt_cv_prog_compiler_pic_works=yes
lt_cv_prog_compiler_pic_works_CXX=yes
lt_cv_prog_compiler_rtti_exceptions=no
lt_cv_prog_compiler_static_works=no
lt_cv_prog_compiler_static_works_CXX=no
lt_cv_prog_gnu_ld=yes
lt_cv_prog_gnu_ldcxx=yes
lt_cv_sharedlib_from_linklib_cmd='printf %s\n'
lt_cv_shlibpath_overrides_runpath=no
lt_cv_sys_global_symbol_pipe='sed -n -e '\''s/^.*[	 ]\([ABCDGIRSTW][ABCDGIRSTW]*\)[	 ][	 ]*\([_A-Za-z][_A-Za-z0-9]*\)$/\1 \2 \2/p'\'' | sed '\''/ __gnu_lto/d'\'''
lt_cv_sys_global_symbol_to_c_name_address='sed -n -e '\''s/^: \([^ ]*\)[ ]*$/  {\"\1\", (void *) 0},/p'\'' -e '\''s/^[ABCDGIRSTW]* \([^ ]*\) \([^ ]*\)$/  {"\2", (void *) \&\2},/p'\'''
lt_cv_sys_global_symbol_to_c_name_address_lib_prefix='sed -n -e '\''s/^: \([^ ]*\)[ ]*$/  {\"\1\", (void *) 0},/p'\'' -e '\''s/^[ABCDGIRSTW]* \([^ ]*\) \(lib[^ ]*\)$/  {"\2", (void *) \&\2},/p'\'' -e '\''s/^[ABCDGIRSTW]* \([^ ]*\) \([^ ]*\)$/  {"lib\2", (void *) \&\2},/p'\'''
lt_cv_sys_global_symbol_to_cdecl='sed -n -e '\''s/^T .* \(.*\)$/extern int \1();/p'\'' -e '\''s/^[ABCDGIRSTW]* .* \(.*\)$/extern char \1;/p'\'''
lt_cv_sys_max_cmd_len=1572864
lt_cv_to_host_file_cmd=func_convert_file_noop
lt_cv_to_tool_file_cmd=func_convert_file_noop

## ----------------- ##
## Output variables. ##
## ----------------- ##

ACLOCAL='${SHELL} /home/wcx/speech_recog/unimrcp/build/missing aclocal-1.13'
AMDEPBACKSLASH='\'
AMDEP_FALSE='#'
AMDEP_TRUE=''
AMTAR='$${TAR-tar}'
AM_BACKSLASH='\'
AM_DEFAULT_V='$(AM_DEFAULT_VERBOSITY)'
AM_DEFAULT_VERBOSITY='0'
AM_V='$(V)'
AR='ar'
ASR_CLIENT_FALSE='#'
ASR_CLIENT_TRUE=''
AUTOCONF='${SHELL} /home/wcx/speech_recog/unimrcp/build/missing autoconf'
AUTOHEADER='${SHELL} /home/wcx/speech_recog/unimrcp/build/missing autoheader'
AUTOMAKE='${SHELL} /home/wcx/speech_recog/unimrcp/build/missing automake-1.13'
AWK='gawk'
CC='gcc'
CCDEPMODE='depmode=gcc3'
CFLAGS='-g -O2 -pthread'
COMMON_CLIENT_DATA_FALSE='#'
COMMON_CLIENT_DATA_TRUE=''
CPP='gcc -E'
CPPFLAGS=' -DLINUX -D_REENTRANT -D_GNU_SOURCE'
CXX='g++'
CXXCPP='g++ -E'
CXXDEPMODE='depmode=gcc3'
CXXFLAGS='-g -O2'
CYGPATH_W='echo'
DEFS=''
DEMORECOG_PLUGIN_FALSE='#'
DEMORECOG_PLUGIN_TRUE=''
DEMOSYNTH_PLUGIN_FALSE='#'
DEMOSYNTH_PLUGIN_TRUE=''
DEMOVERIFIER_PLUGIN_FALSE='#'
DEMOVERIFIER_PLUGIN_TRUE=''
DEPDIR='.deps'
DLLTOOL='false'
DSYMUTIL=''
DUMPBIN=''
ECHO_C=''
ECHO_N='-n'
ECHO_T=''
EGREP='/usr/bin/grep -E'
EXEEXT=''
FGREP='/usr/bin/grep -F'
GREP='/usr/bin/grep'
INSTALL_DATA='${INSTALL} -m 644'
INSTALL_PROGRAM='${INSTALL}'
INSTALL_SCRIPT='${INSTALL}'
INSTALL_STRIP_PROGRAM='$(install_sh) -c -s'
ISMAC_FALSE=''
ISMAC_TRUE='#'
LD='/usr/bin/ld -m elf_x86_64'
LDFLAGS=' '
LIBOBJS=''
LIBS=''
LIBTOOL='$(SHELL) $(top_builddir)/libtool'
LIPO=''
LN_S='ln -s'
LTLIBOBJS=''
MAKEINFO='${SHELL} /home/wcx/speech_recog/unimrcp/build/missing makeinfo'
MANIFEST_TOOL=':'
MKDIR_P='/usr/bin/mkdir -p'
NM='/usr/bin/nm -B'
NMEDIT=''
OBJDUMP='objdump'
OBJEXT='o'
OTOOL64=''
OTOOL=''
PACKAGE='unimrcp'
PACKAGE_BUGREPORT=''
PACKAGE_NAME='unimrcp'
PACKAGE_STRING='unimrcp 1.5.0'
PACKAGE_TARNAME='unimrcp'
PACKAGE_URL=''
PACKAGE_VERSION='1.5.0'
PATH_SEPARATOR=':'
PKG_CONFIG='/usr/bin/pkg-config'
PLUGIN_LT_VERSION='-version-info 6:0:6'
RANLIB='ranlib'
RECORDER_PLUGIN_FALSE='#'
RECORDER_PLUGIN_TRUE=''
SED='/usr/bin/sed'
SET_MAKE=''
SHELL='/bin/sh'
STRIP='strip'
TEST_SUITES_FALSE=''
TEST_SUITES_TRUE='#'
UMC_FALSE='#'
UMC_TRUE=''
UNIMRCP_APR_INCLUDES=' -I/usr/local/apr/include/apr-1 '
UNIMRCP_APR_LIBS=' -L/usr/local/apr/lib -lapr-1 -laprutil-1'
UNIMRCP_CLIENT_APP_FALSE='#'
UNIMRCP_CLIENT_APP_TRUE=''
UNIMRCP_CLIENT_LIB_FALSE='#'
UNIMRCP_CLIENT_LIB_TRUE=''
UNIMRCP_SERVER_APP_FALSE='#'
UNIMRCP_SERVER_APP_TRUE=''
UNIMRCP_SERVER_LIB_FALSE='#'
UNIMRCP_SERVER_LIB_TRUE=''
UNIMRCP_SOFIA_INCLUDES='-I/usr/local/include/sofia-sip-1.12  '
UNIMRCP_SOFIA_LIBS='-L/usr/local/lib -lsofia-sip-ua  '
UNI_DOTTED_VERSION='1.6.0'
UNI_LT_VERSION='-version-info 6:0:6'
VERSION='1.5.0'
XZRECOG_PLUGIN_FALSE='#'
XZRECOG_PLUGIN_TRUE=''
ac_aux_dir='build'
ac_ct_AR='ar'
ac_ct_CC='gcc'
ac_ct_CXX='g++'
ac_ct_DUMPBIN=''
ac_macro_dir='build/acmacros'
am__EXEEXT_FALSE=''
am__EXEEXT_TRUE='#'
am__fastdepCC_FALSE='#'
am__fastdepCC_TRUE=''
am__fastdepCXX_FALSE='#'
am__fastdepCXX_TRUE=''
am__include='include'
am__isrc=''
am__leading_dot='.'
am__nodep='_no'
am__quote=''
am__tar='$${TAR-tar} chof - "$$tardir"'
am__untar='$${TAR-tar} xf -'
bindir='${exec_prefix}/bin'
build='x86_64-unknown-linux-gnu'
build_alias=''
build_cpu='x86_64'
build_os='linux-gnu'
build_vendor='unknown'
datadir='${prefix}/data'
datarootdir='${prefix}/share'
docdir='${datarootdir}/doc/${PACKAGE_TARNAME}'
dvidir='${docdir}'
exec_prefix='${prefix}'
host='x86_64-unknown-linux-gnu'
host_alias=''
host_cpu='x86_64'
host_os='linux-gnu'
host_vendor='unknown'
htmldir='${docdir}'
includedir='${prefix}/include'
infodir='${datarootdir}/info'
install_sh='${SHELL} /home/wcx/speech_recog/unimrcp/build/install-sh'
libdir='${exec_prefix}/lib'
libexecdir='${exec_prefix}/modules'
localedir='${datarootdir}/locale'
localstatedir='${prefix}'
logdir='${exec_prefix}/log'
mandir='${prefix}/man'
mkdir_p='$(MKDIR_P)'
oldincludedir='/usr/include'
pdfdir='${docdir}'
plugindir='${exec_prefix}/plugin'
prefix='/usr/local/unimrcp'
program_transform_name='s,x,x,'
psdir='${docdir}'
sbindir='${exec_prefix}/bin'
sharedstatedir='${prefix}/com'
sysconfdir='${prefix}/conf'
target_alias=''
vardir='${exec_prefix}/var'

configure: exit 0
